<?xml version="1.0" encoding="UTF-8"?>
<!-- Generated by org.testng.reporters.JUnitReportReporter -->
<testsuite hostname="PRO-499SC63" failures="0" tests="1" name="paralleltest.automation.fullview" time="43.425" errors="0" timestamp="2024-07-25T11:52:46 IST" skipped="0">
  <testcase classname="paralleltest.automation.fullview" name="homepagecheck" time="43.425"/>
</testsuite> <!-- paralleltest.automation.fullview -->
